<?xml version="1.0" encoding="UTF-8"?>
<!-- Generated by org.testng.reporters.JUnitXMLReporter -->
<testsuite hostname="DESKTOP-3SUJPVT" name="Test" tests="2" failures="1" timestamp="5 Sep 2018 11:58:26 GMT" time="159.358" errors="0">
  <testcase name="feature" time="98.65" classname="runner.RunCuke"/>
  <testcase name="feature" time="57.603" classname="runner.RunCuke">
    <failure type="cucumber.runtime.CucumberException" message="org.openqa.selenium.NoSuchElementException: Cannot locate element with text: AUDI
For documentation on this error, please visit: http://seleniumhq.org/exceptions/no_such_element.html
Build info: version: &amp;apos;2.53.1&amp;apos;, revision: &amp;apos;a36b8b1cd5757287168e54b817830adce9b0158d&amp;apos;, time: &amp;apos;2016-06-30 19:26:09&amp;apos;
System info: host: &amp;apos;DESKTOP-3SUJPVT&amp;apos;, ip: &amp;apos;192.168.211.1&amp;apos;, os.name: &amp;apos;Windows 10&amp;apos;, os.arch: &amp;apos;amd64&amp;apos;, os.version: &amp;apos;10.0&amp;apos;, java.version: &amp;apos;1.8.0_181&amp;apos;
Driver info: driver.version: unknown">
      <![CDATA[cucumber.runtime.CucumberException: org.openqa.selenium.NoSuchElementException: Cannot locate element with text: AUDI
For documentation on this error, please visit: http://seleniumhq.org/exceptions/no_such_element.html
Build info: version: '2.53.1', revision: 'a36b8b1cd5757287168e54b817830adce9b0158d', time: '2016-06-30 19:26:09'
System info: host: 'DESKTOP-3SUJPVT', ip: '192.168.211.1', os.name: 'Windows 10', os.arch: 'amd64', os.version: '10.0', java.version: '1.8.0_181'
Driver info: driver.version: unknown
	at cucumber.api.testng.TestNGCucumberRunner.runCucumber(TestNGCucumberRunner.java:69)
	at cucumber.api.testng.AbstractTestNGCucumberTests.feature(AbstractTestNGCucumberTests.java:21)
Caused by: org.openqa.selenium.NoSuchElementException: Cannot locate element with text: AUDI
For documentation on this error, please visit: http://seleniumhq.org/exceptions/no_such_element.html
Build info: version: '2.53.1', revision: 'a36b8b1cd5757287168e54b817830adce9b0158d', time: '2016-06-30 19:26:09'
System info: host: 'DESKTOP-3SUJPVT', ip: '192.168.211.1', os.name: 'Windows 10', os.arch: 'amd64', os.version: '10.0', java.version: '1.8.0_181'
Driver info: driver.version: unknown
	at org.openqa.selenium.support.ui.Select.selectByVisibleText(Select.java:150)
	at pages.actions.UsedSearchCarsActions.selectCarMake(UsedSearchCarsActions.java:25)
	at steps.UsedCarsSearchSteps.select_carbrand_as_from_AnyMake_dropdown_on_Used_Search_Car_page(UsedCarsSearchSteps.java:26)
	at âœ½.And select carbrand as "AUDI" from AnyMake dropdown on Used Search Car page(UsedCarsSearch.feature:16)
... Removed 27 stack frames]]>
    </failure>
  </testcase> <!-- feature -->
</testsuite> <!-- Test -->
